<?xml version="1.0" encoding="UTF-8"?>
<!-- Generated by org.testng.reporters.JUnitReportReporter -->
<testsuite hostname="VURAM-2021-0203" failures="0" tests="1" name="com.vuram.automation.Businessflows.RunSampleScript" time="28.004" errors="0" timestamp="20 Jan 2023 18:31:24 GMT" skipped="0">
  <testcase classname="com.vuram.automation.Businessflows.RunSampleScript" name="Demomethod" time="28.004"/>
</testsuite> <!-- com.vuram.automation.Businessflows.RunSampleScript -->
